Compiling the C compiler identification source file "CMakeCCompilerId.c" failed.
Compiler: //usr/local/bin/eosio-cc 
Build flags: ;-O3;
Id flags:  

The output was:
255
/usr/local/Cellar/eosio.cdt/1.6.1/opt/eosio.cdt/bin/wasm-ld: error: cannot open /var/folders/mn/10yvcxy9745297mr0tkg_t700000gn/T//CMakeCCompilerId.c.o: No such file or directory


Compiling the CXX compiler identification source file "CMakeCXXCompilerId.cpp" failed.
Compiler: //usr/local/bin/eosio-cpp 
Build flags: ;-O3;
Id flags:  

The output was:
255
/usr/local/Cellar/eosio.cdt/1.6.1/opt/eosio.cdt/bin/wasm-ld: error: duplicate symbol: main(int, char**)
>>> defined in /var/folders/mn/10yvcxy9745297mr0tkg_t700000gn/T//CMakeCXXCompilerId.cpp.o
>>> defined in /var/folders/mn/10yvcxy9745297mr0tkg_t700000gn/T//CMakeCXXCompilerId.cpp.o

/usr/local/Cellar/eosio.cdt/1.6.1/opt/eosio.cdt/bin/wasm-ld: error: duplicate symbol: info_platform
>>> defined in /var/folders/mn/10yvcxy9745297mr0tkg_t700000gn/T//CMakeCXXCompilerId.cpp.o
>>> defined in /var/folders/mn/10yvcxy9745297mr0tkg_t700000gn/T//CMakeCXXCompilerId.cpp.o

/usr/local/Cellar/eosio.cdt/1.6.1/opt/eosio.cdt/bin/wasm-ld: error: duplicate symbol: info_compiler
>>> defined in /var/folders/mn/10yvcxy9745297mr0tkg_t700000gn/T//CMakeCXXCompilerId.cpp.o
>>> defined in /var/folders/mn/10yvcxy9745297mr0tkg_t700000gn/T//CMakeCXXCompilerId.cpp.o

/usr/local/Cellar/eosio.cdt/1.6.1/opt/eosio.cdt/bin/wasm-ld: error: duplicate symbol: info_language_dialect_default
>>> defined in /var/folders/mn/10yvcxy9745297mr0tkg_t700000gn/T//CMakeCXXCompilerId.cpp.o
>>> defined in /var/folders/mn/10yvcxy9745297mr0tkg_t700000gn/T//CMakeCXXCompilerId.cpp.o

/usr/local/Cellar/eosio.cdt/1.6.1/opt/eosio.cdt/bin/wasm-ld: error: duplicate symbol: info_arch
>>> defined in /var/folders/mn/10yvcxy9745297mr0tkg_t700000gn/T//CMakeCXXCompilerId.cpp.o
>>> defined in /var/folders/mn/10yvcxy9745297mr0tkg_t700000gn/T//CMakeCXXCompilerId.cpp.o


Detecting C compiler ABI info failed to compile with the following output:
Change Dir: /Users/nogada/workspace/ecotyme/phase-2nd/eosio.contracts/build/contracts/CMakeFiles/CMakeTmp

Run Build Command(s):/usr/bin/make cmTC_0f1c1/fast 
/Library/Developer/CommandLineTools/usr/bin/make -f CMakeFiles/cmTC_0f1c1.dir/build.make CMakeFiles/cmTC_0f1c1.dir/build
Building C object CMakeFiles/cmTC_0f1c1.dir/CMakeCCompilerABI.c.obj
//usr/local/bin/eosio-cc   -O3     -v -o CMakeFiles/cmTC_0f1c1.dir/CMakeCCompilerABI.c.obj   -c /usr/local/Cellar/cmake/3.14.5/share/cmake/Modules/CMakeCCompilerABI.c
clang version 7.0.0 (https://github.com/eosio/clang.git 6b886302a11a8419b76e469794ff9d0c531a4b4b) (git@github.com:eosio/llvm a41b8e7653258a4f1a5911ef28c95672efce051e)
Target: x86_64-apple-darwin18.6.0
Thread model: posix
InstalledDir: /usr/local/Cellar/eosio.cdt/1.6.1/opt/eosio.cdt/bin
Linking C executable cmTC_0f1c1.wasm
/usr/local/Cellar/cmake/3.14.5/bin/cmake -E cmake_link_script CMakeFiles/cmTC_0f1c1.dir/link.txt --verbose=1
//usr/local/bin/eosio-ld  -v CMakeFiles/cmTC_0f1c1.dir/CMakeCCompilerABI.c.obj -o cmTC_0f1c1.wasm 
eosio-ld: Unknown command line argument '-v'.  Try: '//usr/local/bin/eosio-ld -help'
eosio-ld: Did you mean '-L'?
make[4]: *** [cmTC_0f1c1.wasm] Error 1
make[3]: *** [cmTC_0f1c1/fast] Error 2



Detecting C [-std=c11] compiler features failed to compile with the following output:
Change Dir: /Users/nogada/workspace/ecotyme/phase-2nd/eosio.contracts/build/contracts/CMakeFiles/CMakeTmp

Run Build Command(s):/usr/bin/make cmTC_e8cec/fast 
/Library/Developer/CommandLineTools/usr/bin/make -f CMakeFiles/cmTC_e8cec.dir/build.make CMakeFiles/cmTC_e8cec.dir/build
Building C object CMakeFiles/cmTC_e8cec.dir/feature_tests.c.obj
//usr/local/bin/eosio-cc   -O3     -std=c11 -o CMakeFiles/cmTC_e8cec.dir/feature_tests.c.obj   -c /Users/nogada/workspace/ecotyme/phase-2nd/eosio.contracts/build/contracts/CMakeFiles/feature_tests.c
eosio-cc: Unknown command line argument '-std=c11'.  Try: '//usr/local/bin/eosio-cc -help'
eosio-cc: Did you mean '-w=c11'?
make[4]: *** [CMakeFiles/cmTC_e8cec.dir/feature_tests.c.obj] Error 1
make[3]: *** [cmTC_e8cec/fast] Error 2



Detecting CXX compiler ABI info failed to compile with the following output:
Change Dir: /Users/nogada/workspace/ecotyme/phase-2nd/eosio.contracts/build/contracts/CMakeFiles/CMakeTmp

Run Build Command(s):/usr/bin/make cmTC_e6160/fast 
/Library/Developer/CommandLineTools/usr/bin/make -f CMakeFiles/cmTC_e6160.dir/build.make CMakeFiles/cmTC_e6160.dir/build
Building CXX object CMakeFiles/cmTC_e6160.dir/CMakeCXXCompilerABI.cpp.obj
//usr/local/bin/eosio-cpp    -O3     -v -o CMakeFiles/cmTC_e6160.dir/CMakeCXXCompilerABI.cpp.obj -c /usr/local/Cellar/cmake/3.14.5/share/cmake/Modules/CMakeCXXCompilerABI.cpp
clang version 7.0.0 (https://github.com/eosio/clang.git 6b886302a11a8419b76e469794ff9d0c531a4b4b) (git@github.com:eosio/llvm a41b8e7653258a4f1a5911ef28c95672efce051e)
Target: x86_64-apple-darwin18.6.0
Thread model: posix
InstalledDir: /usr/local/Cellar/eosio.cdt/1.6.1/opt/eosio.cdt/bin
Linking CXX executable cmTC_e6160.wasm
/usr/local/Cellar/cmake/3.14.5/bin/cmake -E cmake_link_script CMakeFiles/cmTC_e6160.dir/link.txt --verbose=1
//usr/local/bin/eosio-ld  -v CMakeFiles/cmTC_e6160.dir/CMakeCXXCompilerABI.cpp.obj -o cmTC_e6160.wasm 
eosio-ld: Unknown command line argument '-v'.  Try: '//usr/local/bin/eosio-ld -help'
eosio-ld: Did you mean '-L'?
make[4]: *** [cmTC_e6160.wasm] Error 1
make[3]: *** [cmTC_e6160/fast] Error 2



Detecting CXX [-std=c++2a] compiler features failed to compile with the following output:
Change Dir: /Users/nogada/workspace/ecotyme/phase-2nd/eosio.contracts/build/contracts/CMakeFiles/CMakeTmp

Run Build Command(s):/usr/bin/make cmTC_f2fda/fast 
/Library/Developer/CommandLineTools/usr/bin/make -f CMakeFiles/cmTC_f2fda.dir/build.make CMakeFiles/cmTC_f2fda.dir/build
Building CXX object CMakeFiles/cmTC_f2fda.dir/feature_tests.cxx.obj
//usr/local/bin/eosio-cpp    -O3     -std=c++2a -o CMakeFiles/cmTC_f2fda.dir/feature_tests.cxx.obj -c /Users/nogada/workspace/ecotyme/phase-2nd/eosio.contracts/build/contracts/CMakeFiles/feature_tests.cxx
Linking CXX executable cmTC_f2fda.wasm
/usr/local/Cellar/cmake/3.14.5/bin/cmake -E cmake_link_script CMakeFiles/cmTC_f2fda.dir/link.txt --verbose=1
//usr/local/bin/eosio-ld   CMakeFiles/cmTC_f2fda.dir/feature_tests.cxx.obj -o cmTC_f2fda.wasm 
/usr/local/Cellar/eosio.cdt/1.6.1/opt/eosio.cdt/bin/wasm-ld: error: fatal failure: contract with no actions and trying to create dispatcher
make[4]: *** [cmTC_f2fda.wasm] Error 255
make[3]: *** [cmTC_f2fda/fast] Error 2



